<?xml version="1.0" encoding="UTF-8"?>
<!-- Generated by org.testng.reporters.JUnitReportReporter -->
<testsuite hostname="LAPTOP-O60ER99K" failures="0" tests="4" name="TestNG.InvocationCountTest" time="0.031" errors="0" timestamp="2024-07-26T10:32:17 IST" skipped="0">
  <testcase classname="TestNG.InvocationCountTest" name="demo2" time="0.025">
    <system-out>
      <![CDATA[demo2]]>
    </system-out>
  </testcase> <!-- demo2 -->
  <testcase classname="TestNG.InvocationCountTest" name="demo2" time="0.001">
    <system-out>
      <![CDATA[demo2]]>
    </system-out>
  </testcase> <!-- demo2 -->
  <testcase classname="TestNG.InvocationCountTest" name="demo2" time="0.003">
    <system-out>
      <![CDATA[demo2]]>
    </system-out>
  </testcase> <!-- demo2 -->
  <testcase classname="TestNG.InvocationCountTest" name="demo3" time="0.002">
    <system-out>
      <![CDATA[demo3]]>
    </system-out>
  </testcase> <!-- demo3 -->
  <system-out>
    <![CDATA[demo2
demo2
demo2
demo3]]>
  </system-out>
</testsuite> <!-- TestNG.InvocationCountTest -->
