<?xml version="1.0" encoding="UTF-8"?>
<!-- Generated by org.testng.reporters.JUnitReportReporter -->
<testsuite hostname="LAPTOP-O60ER99K" failures="0" tests="1" name="TestNG.SampleTest" time="0.017" errors="0" timestamp="2024-07-27T09:47:40 IST" skipped="0">
  <testcase classname="TestNG.SampleTest" name="demo" time="0.017">
    <system-out>
      <![CDATA[Hello World!]]>
    </system-out>
  </testcase> <!-- demo -->
  <system-out>
    <![CDATA[Hello World!]]>
  </system-out>
</testsuite> <!-- TestNG.SampleTest -->
