<?xml version="1.0" encoding="UTF-8"?>
<!-- Generated by org.testng.reporters.JUnitReportReporter -->
<testsuite hostname="LAPTOP-O60ER99K" failures="0" tests="11" name="TestNG.CombinationTest" time="0.045" errors="0" timestamp="2024-07-26T10:53:57 IST" skipped="1">
  <testcase classname="TestNG.CombinationTest" name="demo2" time="0.005">
    <system-out>
      <![CDATA[demo2]]>
    </system-out>
  </testcase> <!-- demo2 -->
  <testcase classname="TestNG.CombinationTest" name="demo2" time="0.019">
    <system-out>
      <![CDATA[demo2]]>
    </system-out>
  </testcase> <!-- demo2 -->
  <testcase classname="TestNG.CombinationTest" name="demo2" time="0.002">
    <system-out>
      <![CDATA[demo2]]>
    </system-out>
  </testcase> <!-- demo2 -->
  <testcase classname="TestNG.CombinationTest" name="demo3" time="0.002">
    <system-out>
      <![CDATA[demo3]]>
    </system-out>
  </testcase> <!-- demo3 -->
  <testcase classname="TestNG.CombinationTest" name="demo3" time="0.005">
    <system-out>
      <![CDATA[demo3]]>
    </system-out>
  </testcase> <!-- demo3 -->
  <testcase classname="TestNG.CombinationTest" name="demo3" time="0.002">
    <system-out>
      <![CDATA[demo3]]>
    </system-out>
  </testcase> <!-- demo3 -->
  <testcase classname="TestNG.CombinationTest" name="demo4" time="0.004">
    <system-out>
      <![CDATA[demo4]]>
    </system-out>
  </testcase> <!-- demo4 -->
  <testcase classname="TestNG.CombinationTest" name="demo5" time="0.002">
    <system-out>
      <![CDATA[demo5]]>
    </system-out>
  </testcase> <!-- demo5 -->
  <testcase classname="TestNG.CombinationTest" name="demo5" time="0.002">
    <system-out>
      <![CDATA[demo5]]>
    </system-out>
  </testcase> <!-- demo5 -->
  <testcase classname="TestNG.CombinationTest" name="demo5" time="0.002">
    <system-out>
      <![CDATA[demo5]]>
    </system-out>
  </testcase> <!-- demo5 -->
  <testcase classname="TestNG.CombinationTest" name="demo1">
    <skipped/>
  </testcase> <!-- demo1 -->
  <system-out>
    <![CDATA[demo2
demo2
demo2
demo3
demo3
demo3
demo4
demo5
demo5
demo5]]>
  </system-out>
</testsuite> <!-- TestNG.CombinationTest -->
