<?xml version="1.0" encoding="UTF-8"?>
<!-- Generated by org.testng.reporters.JUnitReportReporter -->
<testsuite hostname="LAPTOP-O60ER99K" failures="0" tests="3" name="TestNG.DataProvidersTest" time="0.015" errors="0" timestamp="2024-08-08T09:48:10 IST" skipped="0">
  <testcase classname="TestNG.DataProvidersTest" name="bookTicketTest" time="0.002"/>
  <testcase classname="TestNG.DataProvidersTest" name="bookTicketTest" time="0.003"/>
  <testcase classname="TestNG.DataProvidersTest" name="bookTicketTest" time="0.010"/>
</testsuite> <!-- TestNG.DataProvidersTest -->
