<?xml version="1.0" encoding="UTF-8"?>
<!-- Generated by org.testng.reporters.JUnitReportReporter -->
<testsuite hostname="LAPTOP-O60ER99K" failures="0" tests="1" name="TestNGImplementation.CreateOrgwithTypeAndIndustryTest" time="21.238" errors="0" timestamp="2024-08-07T12:55:17 IST" skipped="0">
  <testcase classname="TestNGImplementation.CreateOrgwithTypeAndIndustryTest" name="createOrgwithTypeAndIndustryTest" time="21.238"/>
</testsuite> <!-- TestNGImplementation.CreateOrgwithTypeAndIndustryTest -->
