<?xml version="1.0" encoding="UTF-8"?>
<!-- Generated by org.testng.reporters.JUnitReportReporter -->
<testsuite hostname="LAPTOP-O60ER99K" failures="0" tests="5" name="TestNG.PriorityFlagTest" time="0.025" errors="0" timestamp="2024-07-26T10:22:47 IST" skipped="0">
  <testcase classname="TestNG.PriorityFlagTest" name="demo4" time="0.017">
    <system-out>
      <![CDATA[demo4]]>
    </system-out>
  </testcase> <!-- demo4 -->
  <testcase classname="TestNG.PriorityFlagTest" name="demo2" time="0.002">
    <system-out>
      <![CDATA[demo2]]>
    </system-out>
  </testcase> <!-- demo2 -->
  <testcase classname="TestNG.PriorityFlagTest" name="demo1" time="0.002">
    <system-out>
      <![CDATA[demo1]]>
    </system-out>
  </testcase> <!-- demo1 -->
  <testcase classname="TestNG.PriorityFlagTest" name="demo3" time="0.002">
    <system-out>
      <![CDATA[demo3]]>
    </system-out>
  </testcase> <!-- demo3 -->
  <testcase classname="TestNG.PriorityFlagTest" name="demo5" time="0.002">
    <system-out>
      <![CDATA[demo5]]>
    </system-out>
  </testcase> <!-- demo5 -->
  <system-out>
    <![CDATA[demo4
demo2
demo1
demo3
demo5]]>
  </system-out>
</testsuite> <!-- TestNG.PriorityFlagTest -->
