<?xml version="1.0" encoding="UTF-8"?>
<!-- Generated by org.testng.reporters.JUnitReportReporter -->
<testsuite hostname="LAPTOP-O60ER99K" failures="0" tests="2" name="TestNG.DisableTest" time="0.049" errors="0" timestamp="2024-07-26T10:39:53 IST" skipped="1">
  <testcase classname="TestNG.DisableTest" name="demo3" time="0.049">
    <system-out>
      <![CDATA[demo3]]>
    </system-out>
  </testcase> <!-- demo3 -->
  <testcase classname="TestNG.DisableTest" name="demo1">
    <skipped/>
  </testcase> <!-- demo1 -->
  <system-out>
    <![CDATA[demo3]]>
  </system-out>
</testsuite> <!-- TestNG.DisableTest -->
