<?xml version="1.0" encoding="UTF-8"?>
<!-- Generated by org.testng.reporters.JUnitReportReporter -->
<testsuite hostname="LAPTOP-O60ER99K" failures="0" tests="1" name="TestNG.RetryTest" time="0.015" errors="0" timestamp="2024-08-07T12:29:52 IST" skipped="0">
  <testcase classname="TestNG.RetryTest" name="demo" time="0.015">
    <system-out>
      <![CDATA[demo]]>
    </system-out>
  </testcase> <!-- demo -->
  <system-out>
    <![CDATA[demo]]>
  </system-out>
</testsuite> <!-- TestNG.RetryTest -->
