<?xml version="1.0" encoding="UTF-8"?>
<!-- Generated by org.testng.reporters.JUnitReportReporter -->
<testsuite hostname="LAPTOP-O60ER99K" failures="0" tests="1" name="listener.TestClass" time="0.015" errors="0" timestamp="2024-08-07T12:41:59 IST" skipped="0">
  <testcase classname="listener.TestClass" name="demo" time="0.015"/>
</testsuite> <!-- listener.TestClass -->
